<?xml version="1.0" encoding="UTF-8"?>
<!-- Generated by org.testng.reporters.JUnitXMLReporter -->
<testsuite ignored="0" hostname="KrazY" failures="0" tests="6" name="Cross-Browser" time="1.688" errors="0" timestamp="2023-08-12T10:48:28 IST">
  <testcase classname="uk.co.next.qa.test.PDPTest" name="@BeforeMethod setup" time="0.041">
    <failure type="java.lang.NullPointerException" message="Cannot invoke &amp;quot;org.openqa.selenium.WebDriver.manage()&amp;quot; because &amp;quot;this.driver&amp;quot; is null">
      <![CDATA[java.lang.NullPointerException: Cannot invoke "org.openqa.selenium.WebDriver.manage()" because "this.driver" is null
at uk.co.next.qa.base.BaseClass.launchBrowserAndOpenApplication(BaseClass.java:37)
at uk.co.next.qa.test.PDPTest.setup(PDPTest.java:27)
at java.base/java.util.ArrayList.forEach(ArrayList.java:1511)
... Removed 31 stack frames]]>
    </failure>
  </testcase> <!-- @BeforeMethod setup -->
  <testcase classname="uk.co.next.qa.test.PDPTest" name="@AfterMethod tearDown" time="-1.691817507396E9">
    <skipped/>
  </testcase> <!-- @AfterMethod tearDown -->
  <testcase classname="uk.co.next.qa.test.PDPTest" name="@BeforeMethod setup" time="-1.691817507415E9">
    <skipped/>
  </testcase> <!-- @BeforeMethod setup -->
  <testcase classname="uk.co.next.qa.test.PDPTest" name="@AfterMethod tearDown" time="-1.691817507474E9">
    <skipped/>
  </testcase> <!-- @AfterMethod tearDown -->
  <testcase classname="uk.co.next.qa.test.PDPTest" name="@BeforeMethod setup" time="-1.691817507486E9">
    <skipped/>
  </testcase> <!-- @BeforeMethod setup -->
  <testcase classname="uk.co.next.qa.test.PDPTest" name="@AfterMethod tearDown" time="-1.691817507607E9">
    <skipped/>
  </testcase> <!-- @AfterMethod tearDown -->
  <testcase classname="uk.co.next.qa.test.ShoppingBagTest" name="@BeforeMethod setup" time="0.008">
    <failure type="java.lang.NullPointerException" message="Cannot invoke &amp;quot;org.openqa.selenium.WebDriver.manage()&amp;quot; because &amp;quot;this.driver&amp;quot; is null">
      <![CDATA[java.lang.NullPointerException: Cannot invoke "org.openqa.selenium.WebDriver.manage()" because "this.driver" is null
at uk.co.next.qa.base.BaseClass.launchBrowserAndOpenApplication(BaseClass.java:37)
at uk.co.next.qa.test.ShoppingBagTest.setup(ShoppingBagTest.java:29)
at java.base/java.util.ArrayList.forEach(ArrayList.java:1511)
... Removed 31 stack frames]]>
    </failure>
  </testcase> <!-- @BeforeMethod setup -->
  <testcase classname="uk.co.next.qa.test.DeliveryTest" name="@BeforeMethod setup" time="0.007">
    <failure type="java.lang.NullPointerException" message="Cannot invoke &amp;quot;org.openqa.selenium.WebDriver.manage()&amp;quot; because &amp;quot;this.driver&amp;quot; is null">
      <![CDATA[java.lang.NullPointerException: Cannot invoke "org.openqa.selenium.WebDriver.manage()" because "this.driver" is null
at uk.co.next.qa.base.BaseClass.launchBrowserAndOpenApplication(BaseClass.java:37)
at uk.co.next.qa.test.DeliveryTest.setup(DeliveryTest.java:32)
at java.base/java.util.ArrayList.forEach(ArrayList.java:1511)
... Removed 31 stack frames]]>
    </failure>
  </testcase> <!-- @BeforeMethod setup -->
  <testcase classname="uk.co.next.qa.test.DeliveryTest" name="@AfterMethod tearDown" time="-1.69181750787E9">
    <skipped/>
  </testcase> <!-- @AfterMethod tearDown -->
  <testcase classname="uk.co.next.qa.test.DeliveryTest" name="@BeforeMethod setup" time="-1.691817507892E9">
    <skipped/>
  </testcase> <!-- @BeforeMethod setup -->
  <testcase classname="uk.co.next.qa.test.DeliveryTest" name="@AfterMethod tearDown" time="-1.691817507912E9">
    <skipped/>
  </testcase> <!-- @AfterMethod tearDown -->
  <testcase classname="uk.co.next.qa.test.PDPTest" name="verifyToChooseSizeOfProduct" time="0.0">
    <skipped/>
  </testcase> <!-- verifyToChooseSizeOfProduct -->
  <testcase classname="uk.co.next.qa.test.PDPTest" name="verifyAddProductToBag" time="0.0">
    <skipped/>
  </testcase> <!-- verifyAddProductToBag -->
  <testcase classname="uk.co.next.qa.test.PDPTest" name="verifyProductAddingInShoppingBag" time="0.0">
    <skipped/>
  </testcase> <!-- verifyProductAddingInShoppingBag -->
  <testcase classname="uk.co.next.qa.test.ShoppingBagTest" name="verifyGoToCheckOut" time="0.0">
    <skipped/>
  </testcase> <!-- verifyGoToCheckOut -->
  <testcase classname="uk.co.next.qa.test.DeliveryTest" name="verifyDateSelection" time="0.0">
    <skipped/>
  </testcase> <!-- verifyDateSelection -->
  <testcase classname="uk.co.next.qa.test.DeliveryTest" name="verifySizeAndQuantityofProduct" time="0.0">
    <skipped/>
  </testcase> <!-- verifySizeAndQuantityofProduct -->
</testsuite> <!-- Cross-Browser -->
