<?xml version="1.0" encoding="UTF-8"?>
<!-- Generated by org.testng.reporters.JUnitXMLReporter -->
<testsuite ignored="12" hostname="KrazY" failures="1" tests="3" name="Group Test" time="230.762" errors="0" timestamp="2023-08-12T12:11:10 IST">
  <testcase classname="uk.co.next.qa.test.LoginTest" name="@BeforeMethod setup" time="26.035">
    <failure type="org.openqa.selenium.ElementClickInterceptedException" message="Element &amp;lt;span class=&amp;quot;header-31trse&amp;quot;&amp;gt; is not clickable at point (978,54) because another element &amp;lt;div class=&amp;quot;header-1j297y5&amp;quot;&amp;gt; obscures it
Build info: version: &amp;apos;4.7.1&amp;apos;, revision: &amp;apos;c6795baf1a3&amp;apos;
System info: os.name: &amp;apos;Windows 10&amp;apos;, os.arch: &amp;apos;amd64&amp;apos;, os.version: &amp;apos;10.0&amp;apos;, java.version: &amp;apos;17.0.7&amp;apos;
Driver info: org.openqa.selenium.firefox.FirefoxDriver
Command: [9d2307de-1c95-4707-8f03-adc1b984e12a, clickElement {id=fcb8e76b-20e4-4b05-b817-faa461ce3d3d}]
Capabilities {acceptInsecureCerts: true, browserName: firefox, browserVersion: 116.0.2, moz:accessibilityChecks: false, moz:buildID: 20230805021307, moz:debuggerAddress: 127.0.0.1:12583, moz:geckodriverVersion: 0.33.0, moz:headless: false, moz:platformVersion: 10.0, moz:processID: 7312, moz:profile: C:\Users\Pankaj\AppData\Loc..., moz:shutdownTimeout: 60000, moz:webdriverClick: true, moz:windowless: false, pageLoadStrategy: normal, platformName: WINDOWS, proxy: Proxy(), se:cdp: ws://127.0.0.1:12583/devtoo..., se:cdpVersion: 85.0, setWindowRect: true, strictFileInteractability: false, timeouts: {implicit: 0, pageLoad: 300000, script: 30000}, unhandledPromptBehavior: dismiss and notify}
Element: [[FirefoxDriver: firefox on WINDOWS (9d2307de-1c95-4707-8f03-adc1b984e12a)] -&amp;gt; xpath: //span[text() = &amp;apos;My Account&amp;apos;]]
Session ID: 9d2307de-1c95-4707-8f03-adc1b984e12a">
      <![CDATA[org.openqa.selenium.ElementClickInterceptedException: Element <span class="header-31trse"> is not clickable at point (978,54) because another element <div class="header-1j297y5"> obscures it
Build info: version: '4.7.1', revision: 'c6795baf1a3'
System info: os.name: 'Windows 10', os.arch: 'amd64', os.version: '10.0', java.version: '17.0.7'
Driver info: org.openqa.selenium.firefox.FirefoxDriver
Command: [9d2307de-1c95-4707-8f03-adc1b984e12a, clickElement {id=fcb8e76b-20e4-4b05-b817-faa461ce3d3d}]
Capabilities {acceptInsecureCerts: true, browserName: firefox, browserVersion: 116.0.2, moz:accessibilityChecks: false, moz:buildID: 20230805021307, moz:debuggerAddress: 127.0.0.1:12583, moz:geckodriverVersion: 0.33.0, moz:headless: false, moz:platformVersion: 10.0, moz:processID: 7312, moz:profile: C:\Users\Pankaj\AppData\Loc..., moz:shutdownTimeout: 60000, moz:webdriverClick: true, moz:windowless: false, pageLoadStrategy: normal, platformName: WINDOWS, proxy: Proxy(), se:cdp: ws://127.0.0.1:12583/devtoo..., se:cdpVersion: 85.0, setWindowRect: true, strictFileInteractability: false, timeouts: {implicit: 0, pageLoad: 300000, script: 30000}, unhandledPromptBehavior: dismiss and notify}
Element: [[FirefoxDriver: firefox on WINDOWS (9d2307de-1c95-4707-8f03-adc1b984e12a)] -> xpath: //span[text() = 'My Account']]
Session ID: 9d2307de-1c95-4707-8f03-adc1b984e12a
at org.openqa.selenium.remote.codec.w3c.W3CHttpResponseCodec.createException(W3CHttpResponseCodec.java:200)
at org.openqa.selenium.remote.codec.w3c.W3CHttpResponseCodec.decode(W3CHttpResponseCodec.java:133)
at org.openqa.selenium.remote.codec.w3c.W3CHttpResponseCodec.decode(W3CHttpResponseCodec.java:53)
at org.openqa.selenium.remote.HttpCommandExecutor.execute(HttpCommandExecutor.java:184)
at org.openqa.selenium.remote.service.DriverCommandExecutor.invokeExecute(DriverCommandExecutor.java:167)
at org.openqa.selenium.remote.service.DriverCommandExecutor.execute(DriverCommandExecutor.java:142)
at org.openqa.selenium.remote.RemoteWebDriver.execute(RemoteWebDriver.java:551)
at org.openqa.selenium.remote.RemoteWebElement.execute(RemoteWebElement.java:257)
at org.openqa.selenium.remote.RemoteWebElement.click(RemoteWebElement.java:78)
at org.openqa.selenium.support.pagefactory.internal.LocatingElementHandler.invoke(LocatingElementHandler.java:52)
at jdk.proxy2/jdk.proxy2.$Proxy17.click(Unknown Source)
at uk.co.next.qa.pages.HomePage.clickOnMyAccount(HomePage.java:31)
at uk.co.next.qa.test.LoginTest.setup(LoginTest.java:24)
at java.base/java.util.ArrayList.forEach(ArrayList.java:1511)
... Removed 40 stack frames]]>
    </failure>
  </testcase> <!-- @BeforeMethod setup -->
  <testcase classname="uk.co.next.qa.test.DeliveryTest" name="@BeforeMethod setup" time="70.819">
    <failure type="org.openqa.selenium.WebDriverException" message="TypeError: browsingContext.currentWindowGlobal is null
Build info: version: &amp;apos;4.7.1&amp;apos;, revision: &amp;apos;c6795baf1a3&amp;apos;
System info: os.name: &amp;apos;Windows 10&amp;apos;, os.arch: &amp;apos;amd64&amp;apos;, os.version: &amp;apos;10.0&amp;apos;, java.version: &amp;apos;17.0.7&amp;apos;
Driver info: org.openqa.selenium.firefox.FirefoxDriver
Command: [f0c36ce1-bc59-43d6-a2a8-dedb7085d2aa, findElement {using=xpath, value=(//span[text() = &amp;apos;Football Shirts&amp;apos;]//parent::span//preceding-sibling::span)[1]}]
Capabilities {acceptInsecureCerts: true, browserName: firefox, browserVersion: 116.0.2, moz:accessibilityChecks: false, moz:buildID: 20230805021307, moz:debuggerAddress: 127.0.0.1:11992, moz:geckodriverVersion: 0.33.0, moz:headless: false, moz:platformVersion: 10.0, moz:processID: 7180, moz:profile: C:\Users\Pankaj\AppData\Loc..., moz:shutdownTimeout: 60000, moz:webdriverClick: true, moz:windowless: false, pageLoadStrategy: normal, platformName: WINDOWS, proxy: Proxy(), se:cdp: ws://127.0.0.1:11992/devtoo..., se:cdpVersion: 85.0, setWindowRect: true, strictFileInteractability: false, timeouts: {implicit: 0, pageLoad: 300000, script: 30000}, unhandledPromptBehavior: dismiss and notify}
Session ID: f0c36ce1-bc59-43d6-a2a8-dedb7085d2aa">
      <![CDATA[org.openqa.selenium.WebDriverException: TypeError: browsingContext.currentWindowGlobal is null
Build info: version: '4.7.1', revision: 'c6795baf1a3'
System info: os.name: 'Windows 10', os.arch: 'amd64', os.version: '10.0', java.version: '17.0.7'
Driver info: org.openqa.selenium.firefox.FirefoxDriver
Command: [f0c36ce1-bc59-43d6-a2a8-dedb7085d2aa, findElement {using=xpath, value=(//span[text() = 'Football Shirts']//parent::span//preceding-sibling::span)[1]}]
Capabilities {acceptInsecureCerts: true, browserName: firefox, browserVersion: 116.0.2, moz:accessibilityChecks: false, moz:buildID: 20230805021307, moz:debuggerAddress: 127.0.0.1:11992, moz:geckodriverVersion: 0.33.0, moz:headless: false, moz:platformVersion: 10.0, moz:processID: 7180, moz:profile: C:\Users\Pankaj\AppData\Loc..., moz:shutdownTimeout: 60000, moz:webdriverClick: true, moz:windowless: false, pageLoadStrategy: normal, platformName: WINDOWS, proxy: Proxy(), se:cdp: ws://127.0.0.1:11992/devtoo..., se:cdpVersion: 85.0, setWindowRect: true, strictFileInteractability: false, timeouts: {implicit: 0, pageLoad: 300000, script: 30000}, unhandledPromptBehavior: dismiss and notify}
Session ID: f0c36ce1-bc59-43d6-a2a8-dedb7085d2aa
at org.openqa.selenium.remote.codec.w3c.W3CHttpResponseCodec.createException(W3CHttpResponseCodec.java:200)
at org.openqa.selenium.remote.codec.w3c.W3CHttpResponseCodec.decode(W3CHttpResponseCodec.java:133)
at org.openqa.selenium.remote.codec.w3c.W3CHttpResponseCodec.decode(W3CHttpResponseCodec.java:53)
at org.openqa.selenium.remote.HttpCommandExecutor.execute(HttpCommandExecutor.java:184)
at org.openqa.selenium.remote.service.DriverCommandExecutor.invokeExecute(DriverCommandExecutor.java:167)
at org.openqa.selenium.remote.service.DriverCommandExecutor.execute(DriverCommandExecutor.java:142)
at org.openqa.selenium.remote.RemoteWebDriver.execute(RemoteWebDriver.java:551)
at org.openqa.selenium.remote.ElementLocation$ElementFinder$2.findElement(ElementLocation.java:162)
at org.openqa.selenium.remote.ElementLocation.findElement(ElementLocation.java:60)
at org.openqa.selenium.remote.RemoteWebDriver.findElement(RemoteWebDriver.java:367)
at org.openqa.selenium.remote.RemoteWebDriver.findElement(RemoteWebDriver.java:359)
at org.openqa.selenium.support.pagefactory.DefaultElementLocator.findElement(DefaultElementLocator.java:70)
at org.openqa.selenium.support.pagefactory.internal.LocatingElementHandler.invoke(LocatingElementHandler.java:39)
at jdk.proxy2/jdk.proxy2.$Proxy17.click(Unknown Source)
at uk.co.next.qa.pages.ProductListingPage.clickAndSelectCategory(ProductListingPage.java:58)
at uk.co.next.qa.test.DeliveryTest.setup(DeliveryTest.java:38)
at java.base/java.util.ArrayList.forEach(ArrayList.java:1511)
... Removed 36 stack frames]]>
    </failure>
  </testcase> <!-- @BeforeMethod setup -->
  <testcase classname="uk.co.next.qa.test.LoginTest" name="verifyLoginWithValidCredentials" time="0.0">
    <skipped/>
  </testcase> <!-- verifyLoginWithValidCredentials -->
  <testcase classname="uk.co.next.qa.test.PLPTest" name="verifyByClickingOnProduct" time="91.668">
    <failure type="org.openqa.selenium.NoSuchElementException" message="Unable to locate element: (//span[text() = &amp;apos;Football Shirts&amp;apos;]//parent::span//preceding-sibling::span)[1]
For documentation on this error, please visit: https://selenium.dev/exceptions/#no_such_element
Build info: version: &amp;apos;4.7.1&amp;apos;, revision: &amp;apos;c6795baf1a3&amp;apos;
System info: os.name: &amp;apos;Windows 10&amp;apos;, os.arch: &amp;apos;amd64&amp;apos;, os.version: &amp;apos;10.0&amp;apos;, java.version: &amp;apos;17.0.7&amp;apos;
Driver info: org.openqa.selenium.firefox.FirefoxDriver
Command: [1003fbdc-e6ba-49fc-a1fb-0fa4d175fc73, findElement {using=xpath, value=(//span[text() = &amp;apos;Football Shirts&amp;apos;]//parent::span//preceding-sibling::span)[1]}]
Capabilities {acceptInsecureCerts: true, browserName: firefox, browserVersion: 116.0.2, moz:accessibilityChecks: false, moz:buildID: 20230805021307, moz:debuggerAddress: 127.0.0.1:27501, moz:geckodriverVersion: 0.33.0, moz:headless: false, moz:platformVersion: 10.0, moz:processID: 7284, moz:profile: C:\Users\Pankaj\AppData\Loc..., moz:shutdownTimeout: 60000, moz:webdriverClick: true, moz:windowless: false, pageLoadStrategy: normal, platformName: WINDOWS, proxy: Proxy(), se:cdp: ws://127.0.0.1:27501/devtoo..., se:cdpVersion: 85.0, setWindowRect: true, strictFileInteractability: false, timeouts: {implicit: 0, pageLoad: 300000, script: 30000}, unhandledPromptBehavior: dismiss and notify}
Session ID: 1003fbdc-e6ba-49fc-a1fb-0fa4d175fc73">
      <![CDATA[org.openqa.selenium.NoSuchElementException: Unable to locate element: (//span[text() = 'Football Shirts']//parent::span//preceding-sibling::span)[1]
For documentation on this error, please visit: https://selenium.dev/exceptions/#no_such_element
Build info: version: '4.7.1', revision: 'c6795baf1a3'
System info: os.name: 'Windows 10', os.arch: 'amd64', os.version: '10.0', java.version: '17.0.7'
Driver info: org.openqa.selenium.firefox.FirefoxDriver
Command: [1003fbdc-e6ba-49fc-a1fb-0fa4d175fc73, findElement {using=xpath, value=(//span[text() = 'Football Shirts']//parent::span//preceding-sibling::span)[1]}]
Capabilities {acceptInsecureCerts: true, browserName: firefox, browserVersion: 116.0.2, moz:accessibilityChecks: false, moz:buildID: 20230805021307, moz:debuggerAddress: 127.0.0.1:27501, moz:geckodriverVersion: 0.33.0, moz:headless: false, moz:platformVersion: 10.0, moz:processID: 7284, moz:profile: C:\Users\Pankaj\AppData\Loc..., moz:shutdownTimeout: 60000, moz:webdriverClick: true, moz:windowless: false, pageLoadStrategy: normal, platformName: WINDOWS, proxy: Proxy(), se:cdp: ws://127.0.0.1:27501/devtoo..., se:cdpVersion: 85.0, setWindowRect: true, strictFileInteractability: false, timeouts: {implicit: 0, pageLoad: 300000, script: 30000}, unhandledPromptBehavior: dismiss and notify}
Session ID: 1003fbdc-e6ba-49fc-a1fb-0fa4d175fc73
at org.openqa.selenium.remote.codec.w3c.W3CHttpResponseCodec.createException(W3CHttpResponseCodec.java:200)
at org.openqa.selenium.remote.codec.w3c.W3CHttpResponseCodec.decode(W3CHttpResponseCodec.java:133)
at org.openqa.selenium.remote.codec.w3c.W3CHttpResponseCodec.decode(W3CHttpResponseCodec.java:53)
at org.openqa.selenium.remote.HttpCommandExecutor.execute(HttpCommandExecutor.java:184)
at org.openqa.selenium.remote.service.DriverCommandExecutor.invokeExecute(DriverCommandExecutor.java:167)
at org.openqa.selenium.remote.service.DriverCommandExecutor.execute(DriverCommandExecutor.java:142)
at org.openqa.selenium.remote.RemoteWebDriver.execute(RemoteWebDriver.java:551)
at org.openqa.selenium.remote.ElementLocation$ElementFinder$2.findElement(ElementLocation.java:162)
at org.openqa.selenium.remote.ElementLocation.findElement(ElementLocation.java:60)
at org.openqa.selenium.remote.RemoteWebDriver.findElement(RemoteWebDriver.java:367)
at org.openqa.selenium.remote.RemoteWebDriver.findElement(RemoteWebDriver.java:359)
at org.openqa.selenium.support.pagefactory.DefaultElementLocator.findElement(DefaultElementLocator.java:70)
at org.openqa.selenium.support.pagefactory.internal.LocatingElementHandler.invoke(LocatingElementHandler.java:39)
at jdk.proxy2/jdk.proxy2.$Proxy17.click(Unknown Source)
at uk.co.next.qa.pages.ProductListingPage.clickAndSelectCategory(ProductListingPage.java:58)
at uk.co.next.qa.test.PLPTest.verifyFilterProductByCategoryAndGender(PLPTest.java:49)
at uk.co.next.qa.test.PLPTest.verifyByClickingOnProduct(PLPTest.java:55)
at java.base/java.util.ArrayList.forEach(ArrayList.java:1511)
... Removed 32 stack frames]]>
    </failure>
  </testcase> <!-- verifyByClickingOnProduct -->
  <testcase classname="uk.co.next.qa.test.DeliveryTest" name="verifyDateSelection" time="0.0">
    <skipped/>
  </testcase> <!-- verifyDateSelection -->
  <testcase classname="uk.co.next.qa.test.PLPTest" name="verifyFilterProductByCategoryAndGender" time="0.0">
    <ignored/>
  </testcase> <!-- verifyFilterProductByCategoryAndGender -->
  <testcase classname="uk.co.next.qa.test.ShoppingBagTest" name="verifyGoToCheckOut" time="0.0">
    <ignored/>
  </testcase> <!-- verifyGoToCheckOut -->
  <testcase classname="uk.co.next.qa.test.LoginTest" name="verifyLoginWithInvalidCredentials" time="0.0">
    <ignored/>
  </testcase> <!-- verifyLoginWithInvalidCredentials -->
  <testcase classname="uk.co.next.qa.test.DeliveryTest" name="verifySizeAndQuantityofProduct" time="0.0">
    <ignored/>
  </testcase> <!-- verifySizeAndQuantityofProduct -->
  <testcase classname="uk.co.next.qa.test.SearchTest" name="verifySearchWithoutProvidingProductName" time="0.0">
    <ignored/>
  </testcase> <!-- verifySearchWithoutProvidingProductName -->
  <testcase classname="uk.co.next.qa.test.PDPTest" name="verifyProductAddingInShoppingBag" time="0.0">
    <ignored/>
  </testcase> <!-- verifyProductAddingInShoppingBag -->
  <testcase classname="uk.co.next.qa.test.SearchTest" name="verifySearchValidProductNameAfterLogin" time="0.0">
    <ignored/>
  </testcase> <!-- verifySearchValidProductNameAfterLogin -->
  <testcase classname="uk.co.next.qa.test.PLPTest" name="verifyProductDisplayNameAndPrice" time="0.0">
    <ignored/>
  </testcase> <!-- verifyProductDisplayNameAndPrice -->
  <testcase classname="uk.co.next.qa.test.PDPTest" name="verifyToChooseSizeOfProduct" time="0.0">
    <ignored/>
  </testcase> <!-- verifyToChooseSizeOfProduct -->
  <testcase classname="uk.co.next.qa.test.PDPTest" name="verifyAddProductToBag" time="0.0">
    <ignored/>
  </testcase> <!-- verifyAddProductToBag -->
  <testcase classname="uk.co.next.qa.test.SearchTest" name="verifySearchInvalidProductName" time="0.0">
    <ignored/>
  </testcase> <!-- verifySearchInvalidProductName -->
  <testcase classname="uk.co.next.qa.test.SearchTest" name="verifySearchValidProductName" time="0.0">
    <ignored/>
  </testcase> <!-- verifySearchValidProductName -->
</testsuite> <!-- Group Test -->
