<?xml version="1.0" encoding="UTF-8"?>
<!-- Generated by org.testng.reporters.JUnitXMLReporter -->
<testsuite ignored="0" hostname="KrazY" failures="0" tests="15" name="Next Test" time="20.038" errors="0" timestamp="2023-12-21T18:17:03 IST">
  <testcase classname="uk.co.next.qa.test.ShoppingBagTest" name="@BeforeMethod setup" time="17.591">
    <failure type="org.openqa.selenium.SessionNotCreatedException" message="Could not start a new session. Response code 500. Message: session not created: This version of ChromeDriver only supports Chrome version 115
Current browser version is 120.0.6099.129 with binary path C:\Program Files\Google\Chrome\Application\chrome.exe 
Host info: host: &amp;apos;KRAZY&amp;apos;, ip: &amp;apos;192.168.1.104&amp;apos;
Build info: version: &amp;apos;4.7.1&amp;apos;, revision: &amp;apos;c6795baf1a3&amp;apos;
System info: os.name: &amp;apos;Windows 10&amp;apos;, os.arch: &amp;apos;amd64&amp;apos;, os.version: &amp;apos;10.0&amp;apos;, java.version: &amp;apos;17.0.7&amp;apos;
Driver info: org.openqa.selenium.chrome.ChromeDriver
Command: [null, newSession {capabilities=[Capabilities {browserName: chrome, goog:chromeOptions: {args: [--remote-allow-origins=*], extensions: []}}], desiredCapabilities=Capabilities {browserName: chrome, goog:chromeOptions: {args: [--remote-allow-origins=*], extensions: []}}}]">
      <![CDATA[org.openqa.selenium.SessionNotCreatedException: Could not start a new session. Response code 500. Message: session not created: This version of ChromeDriver only supports Chrome version 115
Current browser version is 120.0.6099.129 with binary path C:\Program Files\Google\Chrome\Application\chrome.exe 
Host info: host: 'KRAZY', ip: '192.168.1.104'
Build info: version: '4.7.1', revision: 'c6795baf1a3'
System info: os.name: 'Windows 10', os.arch: 'amd64', os.version: '10.0', java.version: '17.0.7'
Driver info: org.openqa.selenium.chrome.ChromeDriver
Command: [null, newSession {capabilities=[Capabilities {browserName: chrome, goog:chromeOptions: {args: [--remote-allow-origins=*], extensions: []}}], desiredCapabilities=Capabilities {browserName: chrome, goog:chromeOptions: {args: [--remote-allow-origins=*], extensions: []}}}]
at org.openqa.selenium.remote.ProtocolHandshake.createSession(ProtocolHandshake.java:148)
at org.openqa.selenium.remote.ProtocolHandshake.createSession(ProtocolHandshake.java:106)
at org.openqa.selenium.remote.ProtocolHandshake.createSession(ProtocolHandshake.java:67)
at org.openqa.selenium.remote.HttpCommandExecutor.execute(HttpCommandExecutor.java:156)
at org.openqa.selenium.remote.service.DriverCommandExecutor.invokeExecute(DriverCommandExecutor.java:167)
at org.openqa.selenium.remote.service.DriverCommandExecutor.execute(DriverCommandExecutor.java:142)
at org.openqa.selenium.remote.RemoteWebDriver.execute(RemoteWebDriver.java:551)
at org.openqa.selenium.remote.RemoteWebDriver.startSession(RemoteWebDriver.java:244)
at org.openqa.selenium.remote.RemoteWebDriver.<init>(RemoteWebDriver.java:159)
at org.openqa.selenium.chromium.ChromiumDriver.<init>(ChromiumDriver.java:101)
at org.openqa.selenium.chrome.ChromeDriver.<init>(ChromeDriver.java:81)
at org.openqa.selenium.chrome.ChromeDriver.<init>(ChromeDriver.java:70)
at uk.co.next.qa.base.BaseClass.launchBrowserAndOpenApplication(BaseClass.java:29)
at uk.co.next.qa.test.ShoppingBagTest.setup(ShoppingBagTest.java:27)
at java.base/java.util.concurrent.ThreadPoolExecutor.runWorker(ThreadPoolExecutor.java:1136)
at java.base/java.util.concurrent.ThreadPoolExecutor$Worker.run(ThreadPoolExecutor.java:635)
at java.base/java.lang.Thread.run(Thread.java:833)
... Removed 16 stack frames]]>
    </failure>
  </testcase> <!-- @BeforeMethod setup -->
  <testcase classname="uk.co.next.qa.test.SearchTest" name="@BeforeMethod setup" time="17.627">
    <failure type="org.openqa.selenium.SessionNotCreatedException" message="Could not start a new session. Response code 500. Message: session not created: This version of ChromeDriver only supports Chrome version 115
Current browser version is 120.0.6099.129 with binary path C:\Program Files\Google\Chrome\Application\chrome.exe 
Host info: host: &amp;apos;KRAZY&amp;apos;, ip: &amp;apos;192.168.1.104&amp;apos;
Build info: version: &amp;apos;4.7.1&amp;apos;, revision: &amp;apos;c6795baf1a3&amp;apos;
System info: os.name: &amp;apos;Windows 10&amp;apos;, os.arch: &amp;apos;amd64&amp;apos;, os.version: &amp;apos;10.0&amp;apos;, java.version: &amp;apos;17.0.7&amp;apos;
Driver info: org.openqa.selenium.chrome.ChromeDriver
Command: [null, newSession {capabilities=[Capabilities {browserName: chrome, goog:chromeOptions: {args: [--remote-allow-origins=*], extensions: []}}], desiredCapabilities=Capabilities {browserName: chrome, goog:chromeOptions: {args: [--remote-allow-origins=*], extensions: []}}}]">
      <![CDATA[org.openqa.selenium.SessionNotCreatedException: Could not start a new session. Response code 500. Message: session not created: This version of ChromeDriver only supports Chrome version 115
Current browser version is 120.0.6099.129 with binary path C:\Program Files\Google\Chrome\Application\chrome.exe 
Host info: host: 'KRAZY', ip: '192.168.1.104'
Build info: version: '4.7.1', revision: 'c6795baf1a3'
System info: os.name: 'Windows 10', os.arch: 'amd64', os.version: '10.0', java.version: '17.0.7'
Driver info: org.openqa.selenium.chrome.ChromeDriver
Command: [null, newSession {capabilities=[Capabilities {browserName: chrome, goog:chromeOptions: {args: [--remote-allow-origins=*], extensions: []}}], desiredCapabilities=Capabilities {browserName: chrome, goog:chromeOptions: {args: [--remote-allow-origins=*], extensions: []}}}]
at org.openqa.selenium.remote.ProtocolHandshake.createSession(ProtocolHandshake.java:148)
at org.openqa.selenium.remote.ProtocolHandshake.createSession(ProtocolHandshake.java:106)
at org.openqa.selenium.remote.ProtocolHandshake.createSession(ProtocolHandshake.java:67)
at org.openqa.selenium.remote.HttpCommandExecutor.execute(HttpCommandExecutor.java:156)
at org.openqa.selenium.remote.service.DriverCommandExecutor.invokeExecute(DriverCommandExecutor.java:167)
at org.openqa.selenium.remote.service.DriverCommandExecutor.execute(DriverCommandExecutor.java:142)
at org.openqa.selenium.remote.RemoteWebDriver.execute(RemoteWebDriver.java:551)
at org.openqa.selenium.remote.RemoteWebDriver.startSession(RemoteWebDriver.java:244)
at org.openqa.selenium.remote.RemoteWebDriver.<init>(RemoteWebDriver.java:159)
at org.openqa.selenium.chromium.ChromiumDriver.<init>(ChromiumDriver.java:101)
at org.openqa.selenium.chrome.ChromeDriver.<init>(ChromeDriver.java:81)
at org.openqa.selenium.chrome.ChromeDriver.<init>(ChromeDriver.java:70)
at uk.co.next.qa.base.BaseClass.launchBrowserAndOpenApplication(BaseClass.java:29)
at uk.co.next.qa.test.SearchTest.setup(SearchTest.java:25)
at java.base/java.util.concurrent.ThreadPoolExecutor.runWorker(ThreadPoolExecutor.java:1136)
at java.base/java.util.concurrent.ThreadPoolExecutor$Worker.run(ThreadPoolExecutor.java:635)
at java.base/java.lang.Thread.run(Thread.java:833)
... Removed 16 stack frames]]>
    </failure>
  </testcase> <!-- @BeforeMethod setup -->
  <testcase classname="uk.co.next.qa.test.LoginTest" name="@BeforeMethod setup" time="17.694">
    <failure type="org.openqa.selenium.SessionNotCreatedException" message="Could not start a new session. Response code 500. Message: session not created: This version of ChromeDriver only supports Chrome version 115
Current browser version is 120.0.6099.129 with binary path C:\Program Files\Google\Chrome\Application\chrome.exe 
Host info: host: &amp;apos;KRAZY&amp;apos;, ip: &amp;apos;192.168.1.104&amp;apos;
Build info: version: &amp;apos;4.7.1&amp;apos;, revision: &amp;apos;c6795baf1a3&amp;apos;
System info: os.name: &amp;apos;Windows 10&amp;apos;, os.arch: &amp;apos;amd64&amp;apos;, os.version: &amp;apos;10.0&amp;apos;, java.version: &amp;apos;17.0.7&amp;apos;
Driver info: org.openqa.selenium.chrome.ChromeDriver
Command: [null, newSession {capabilities=[Capabilities {browserName: chrome, goog:chromeOptions: {args: [--remote-allow-origins=*], extensions: []}}], desiredCapabilities=Capabilities {browserName: chrome, goog:chromeOptions: {args: [--remote-allow-origins=*], extensions: []}}}]">
      <![CDATA[org.openqa.selenium.SessionNotCreatedException: Could not start a new session. Response code 500. Message: session not created: This version of ChromeDriver only supports Chrome version 115
Current browser version is 120.0.6099.129 with binary path C:\Program Files\Google\Chrome\Application\chrome.exe 
Host info: host: 'KRAZY', ip: '192.168.1.104'
Build info: version: '4.7.1', revision: 'c6795baf1a3'
System info: os.name: 'Windows 10', os.arch: 'amd64', os.version: '10.0', java.version: '17.0.7'
Driver info: org.openqa.selenium.chrome.ChromeDriver
Command: [null, newSession {capabilities=[Capabilities {browserName: chrome, goog:chromeOptions: {args: [--remote-allow-origins=*], extensions: []}}], desiredCapabilities=Capabilities {browserName: chrome, goog:chromeOptions: {args: [--remote-allow-origins=*], extensions: []}}}]
at org.openqa.selenium.remote.ProtocolHandshake.createSession(ProtocolHandshake.java:148)
at org.openqa.selenium.remote.ProtocolHandshake.createSession(ProtocolHandshake.java:106)
at org.openqa.selenium.remote.ProtocolHandshake.createSession(ProtocolHandshake.java:67)
at org.openqa.selenium.remote.HttpCommandExecutor.execute(HttpCommandExecutor.java:156)
at org.openqa.selenium.remote.service.DriverCommandExecutor.invokeExecute(DriverCommandExecutor.java:167)
at org.openqa.selenium.remote.service.DriverCommandExecutor.execute(DriverCommandExecutor.java:142)
at org.openqa.selenium.remote.RemoteWebDriver.execute(RemoteWebDriver.java:551)
at org.openqa.selenium.remote.RemoteWebDriver.startSession(RemoteWebDriver.java:244)
at org.openqa.selenium.remote.RemoteWebDriver.<init>(RemoteWebDriver.java:159)
at org.openqa.selenium.chromium.ChromiumDriver.<init>(ChromiumDriver.java:101)
at org.openqa.selenium.chrome.ChromeDriver.<init>(ChromeDriver.java:81)
at org.openqa.selenium.chrome.ChromeDriver.<init>(ChromeDriver.java:70)
at uk.co.next.qa.base.BaseClass.launchBrowserAndOpenApplication(BaseClass.java:29)
at uk.co.next.qa.test.LoginTest.setup(LoginTest.java:21)
at java.base/java.util.concurrent.ThreadPoolExecutor.runWorker(ThreadPoolExecutor.java:1136)
at java.base/java.util.concurrent.ThreadPoolExecutor$Worker.run(ThreadPoolExecutor.java:635)
at java.base/java.lang.Thread.run(Thread.java:833)
... Removed 16 stack frames]]>
    </failure>
  </testcase> <!-- @BeforeMethod setup -->
  <testcase classname="uk.co.next.qa.test.LoginTest" name="@AfterMethod tearDown" time="-1.703162822049E9">
    <skipped/>
  </testcase> <!-- @AfterMethod tearDown -->
  <testcase classname="uk.co.next.qa.test.LoginTest" name="@BeforeMethod setup" time="-1.703162822071E9">
    <skipped/>
  </testcase> <!-- @BeforeMethod setup -->
  <testcase classname="uk.co.next.qa.test.SearchTest" name="@AfterMethod tearDown" time="-1.703162822105E9">
    <skipped/>
  </testcase> <!-- @AfterMethod tearDown -->
  <testcase classname="uk.co.next.qa.test.SearchTest" name="@BeforeMethod setup" time="-1.703162822125E9">
    <skipped/>
  </testcase> <!-- @BeforeMethod setup -->
  <testcase classname="uk.co.next.qa.test.SearchTest" name="@AfterMethod tearDown" time="-1.703162822189E9">
    <skipped/>
  </testcase> <!-- @AfterMethod tearDown -->
  <testcase classname="uk.co.next.qa.test.SearchTest" name="@BeforeMethod setup" time="-1.703162822201E9">
    <skipped/>
  </testcase> <!-- @BeforeMethod setup -->
  <testcase classname="uk.co.next.qa.test.SearchTest" name="@AfterMethod tearDown" time="-1.703162822242E9">
    <skipped/>
  </testcase> <!-- @AfterMethod tearDown -->
  <testcase classname="uk.co.next.qa.test.LoginTest" name="@AfterMethod tearDown" time="-1.70316282229E9">
    <skipped/>
  </testcase> <!-- @AfterMethod tearDown -->
  <testcase classname="uk.co.next.qa.test.SearchTest" name="@BeforeMethod setup" time="-1.70316282231E9">
    <skipped/>
  </testcase> <!-- @BeforeMethod setup -->
  <testcase classname="uk.co.next.qa.test.SearchTest" name="@AfterMethod tearDown" time="-1.703162822373E9">
    <skipped/>
  </testcase> <!-- @AfterMethod tearDown -->
  <testcase classname="uk.co.next.qa.test.PDPTest" name="@BeforeMethod setup" time="18.177">
    <failure type="org.openqa.selenium.SessionNotCreatedException" message="Could not start a new session. Response code 500. Message: session not created: This version of ChromeDriver only supports Chrome version 115
Current browser version is 120.0.6099.129 with binary path C:\Program Files\Google\Chrome\Application\chrome.exe 
Host info: host: &amp;apos;KRAZY&amp;apos;, ip: &amp;apos;192.168.1.104&amp;apos;
Build info: version: &amp;apos;4.7.1&amp;apos;, revision: &amp;apos;c6795baf1a3&amp;apos;
System info: os.name: &amp;apos;Windows 10&amp;apos;, os.arch: &amp;apos;amd64&amp;apos;, os.version: &amp;apos;10.0&amp;apos;, java.version: &amp;apos;17.0.7&amp;apos;
Driver info: org.openqa.selenium.chrome.ChromeDriver
Command: [null, newSession {capabilities=[Capabilities {browserName: chrome, goog:chromeOptions: {args: [--remote-allow-origins=*], extensions: []}}], desiredCapabilities=Capabilities {browserName: chrome, goog:chromeOptions: {args: [--remote-allow-origins=*], extensions: []}}}]">
      <![CDATA[org.openqa.selenium.SessionNotCreatedException: Could not start a new session. Response code 500. Message: session not created: This version of ChromeDriver only supports Chrome version 115
Current browser version is 120.0.6099.129 with binary path C:\Program Files\Google\Chrome\Application\chrome.exe 
Host info: host: 'KRAZY', ip: '192.168.1.104'
Build info: version: '4.7.1', revision: 'c6795baf1a3'
System info: os.name: 'Windows 10', os.arch: 'amd64', os.version: '10.0', java.version: '17.0.7'
Driver info: org.openqa.selenium.chrome.ChromeDriver
Command: [null, newSession {capabilities=[Capabilities {browserName: chrome, goog:chromeOptions: {args: [--remote-allow-origins=*], extensions: []}}], desiredCapabilities=Capabilities {browserName: chrome, goog:chromeOptions: {args: [--remote-allow-origins=*], extensions: []}}}]
at org.openqa.selenium.remote.ProtocolHandshake.createSession(ProtocolHandshake.java:148)
at org.openqa.selenium.remote.ProtocolHandshake.createSession(ProtocolHandshake.java:106)
at org.openqa.selenium.remote.ProtocolHandshake.createSession(ProtocolHandshake.java:67)
at org.openqa.selenium.remote.HttpCommandExecutor.execute(HttpCommandExecutor.java:156)
at org.openqa.selenium.remote.service.DriverCommandExecutor.invokeExecute(DriverCommandExecutor.java:167)
at org.openqa.selenium.remote.service.DriverCommandExecutor.execute(DriverCommandExecutor.java:142)
at org.openqa.selenium.remote.RemoteWebDriver.execute(RemoteWebDriver.java:551)
at org.openqa.selenium.remote.RemoteWebDriver.startSession(RemoteWebDriver.java:244)
at org.openqa.selenium.remote.RemoteWebDriver.<init>(RemoteWebDriver.java:159)
at org.openqa.selenium.chromium.ChromiumDriver.<init>(ChromiumDriver.java:101)
at org.openqa.selenium.chrome.ChromeDriver.<init>(ChromeDriver.java:81)
at org.openqa.selenium.chrome.ChromeDriver.<init>(ChromeDriver.java:70)
at uk.co.next.qa.base.BaseClass.launchBrowserAndOpenApplication(BaseClass.java:29)
at uk.co.next.qa.test.PDPTest.setup(PDPTest.java:26)
at java.base/java.util.concurrent.ThreadPoolExecutor.runWorker(ThreadPoolExecutor.java:1136)
at java.base/java.util.concurrent.ThreadPoolExecutor$Worker.run(ThreadPoolExecutor.java:635)
at java.base/java.lang.Thread.run(Thread.java:833)
... Removed 16 stack frames]]>
    </failure>
  </testcase> <!-- @BeforeMethod setup -->
  <testcase classname="uk.co.next.qa.test.PDPTest" name="@AfterMethod tearDown" time="-1.703162822492E9">
    <skipped/>
  </testcase> <!-- @AfterMethod tearDown -->
  <testcase classname="uk.co.next.qa.test.PDPTest" name="@BeforeMethod setup" time="-1.703162822494E9">
    <skipped/>
  </testcase> <!-- @BeforeMethod setup -->
  <testcase classname="uk.co.next.qa.test.PDPTest" name="@AfterMethod tearDown" time="-1.703162822523E9">
    <skipped/>
  </testcase> <!-- @AfterMethod tearDown -->
  <testcase classname="uk.co.next.qa.test.PDPTest" name="@BeforeMethod setup" time="-1.703162822527E9">
    <skipped/>
  </testcase> <!-- @BeforeMethod setup -->
  <testcase classname="uk.co.next.qa.test.PDPTest" name="@AfterMethod tearDown" time="-1.703162822552E9">
    <skipped/>
  </testcase> <!-- @AfterMethod tearDown -->
  <testcase classname="uk.co.next.qa.test.DeliveryTest" name="@BeforeMethod setup" time="18.302">
    <failure type="org.openqa.selenium.SessionNotCreatedException" message="Could not start a new session. Response code 500. Message: session not created: This version of ChromeDriver only supports Chrome version 115
Current browser version is 120.0.6099.129 with binary path C:\Program Files\Google\Chrome\Application\chrome.exe 
Host info: host: &amp;apos;KRAZY&amp;apos;, ip: &amp;apos;192.168.1.104&amp;apos;
Build info: version: &amp;apos;4.7.1&amp;apos;, revision: &amp;apos;c6795baf1a3&amp;apos;
System info: os.name: &amp;apos;Windows 10&amp;apos;, os.arch: &amp;apos;amd64&amp;apos;, os.version: &amp;apos;10.0&amp;apos;, java.version: &amp;apos;17.0.7&amp;apos;
Driver info: org.openqa.selenium.chrome.ChromeDriver
Command: [null, newSession {capabilities=[Capabilities {browserName: chrome, goog:chromeOptions: {args: [--remote-allow-origins=*], extensions: []}}], desiredCapabilities=Capabilities {browserName: chrome, goog:chromeOptions: {args: [--remote-allow-origins=*], extensions: []}}}]">
      <![CDATA[org.openqa.selenium.SessionNotCreatedException: Could not start a new session. Response code 500. Message: session not created: This version of ChromeDriver only supports Chrome version 115
Current browser version is 120.0.6099.129 with binary path C:\Program Files\Google\Chrome\Application\chrome.exe 
Host info: host: 'KRAZY', ip: '192.168.1.104'
Build info: version: '4.7.1', revision: 'c6795baf1a3'
System info: os.name: 'Windows 10', os.arch: 'amd64', os.version: '10.0', java.version: '17.0.7'
Driver info: org.openqa.selenium.chrome.ChromeDriver
Command: [null, newSession {capabilities=[Capabilities {browserName: chrome, goog:chromeOptions: {args: [--remote-allow-origins=*], extensions: []}}], desiredCapabilities=Capabilities {browserName: chrome, goog:chromeOptions: {args: [--remote-allow-origins=*], extensions: []}}}]
at org.openqa.selenium.remote.ProtocolHandshake.createSession(ProtocolHandshake.java:148)
at org.openqa.selenium.remote.ProtocolHandshake.createSession(ProtocolHandshake.java:106)
at org.openqa.selenium.remote.ProtocolHandshake.createSession(ProtocolHandshake.java:67)
at org.openqa.selenium.remote.HttpCommandExecutor.execute(HttpCommandExecutor.java:156)
at org.openqa.selenium.remote.service.DriverCommandExecutor.invokeExecute(DriverCommandExecutor.java:167)
at org.openqa.selenium.remote.service.DriverCommandExecutor.execute(DriverCommandExecutor.java:142)
at org.openqa.selenium.remote.RemoteWebDriver.execute(RemoteWebDriver.java:551)
at org.openqa.selenium.remote.RemoteWebDriver.startSession(RemoteWebDriver.java:244)
at org.openqa.selenium.remote.RemoteWebDriver.<init>(RemoteWebDriver.java:159)
at org.openqa.selenium.chromium.ChromiumDriver.<init>(ChromiumDriver.java:101)
at org.openqa.selenium.chrome.ChromeDriver.<init>(ChromeDriver.java:81)
at org.openqa.selenium.chrome.ChromeDriver.<init>(ChromeDriver.java:70)
at uk.co.next.qa.base.BaseClass.launchBrowserAndOpenApplication(BaseClass.java:29)
at uk.co.next.qa.test.DeliveryTest.setup(DeliveryTest.java:30)
at java.base/java.util.concurrent.ThreadPoolExecutor.runWorker(ThreadPoolExecutor.java:1136)
at java.base/java.util.concurrent.ThreadPoolExecutor$Worker.run(ThreadPoolExecutor.java:635)
at java.base/java.lang.Thread.run(Thread.java:833)
... Removed 16 stack frames]]>
    </failure>
  </testcase> <!-- @BeforeMethod setup -->
  <testcase classname="uk.co.next.qa.test.DeliveryTest" name="@AfterMethod tearDown" time="-1.703162822644E9">
    <skipped/>
  </testcase> <!-- @AfterMethod tearDown -->
  <testcase classname="uk.co.next.qa.test.DeliveryTest" name="@BeforeMethod setup" time="-1.703162822652E9">
    <skipped/>
  </testcase> <!-- @BeforeMethod setup -->
  <testcase classname="uk.co.next.qa.test.DeliveryTest" name="@AfterMethod tearDown" time="-1.703162822673E9">
    <skipped/>
  </testcase> <!-- @AfterMethod tearDown -->
  <testcase classname="uk.co.next.qa.test.PLPTest" name="@BeforeMethod setup" time="18.449">
    <failure type="org.openqa.selenium.SessionNotCreatedException" message="Could not start a new session. Response code 500. Message: session not created: This version of ChromeDriver only supports Chrome version 115
Current browser version is 120.0.6099.129 with binary path C:\Program Files\Google\Chrome\Application\chrome.exe 
Host info: host: &amp;apos;KRAZY&amp;apos;, ip: &amp;apos;192.168.1.104&amp;apos;
Build info: version: &amp;apos;4.7.1&amp;apos;, revision: &amp;apos;c6795baf1a3&amp;apos;
System info: os.name: &amp;apos;Windows 10&amp;apos;, os.arch: &amp;apos;amd64&amp;apos;, os.version: &amp;apos;10.0&amp;apos;, java.version: &amp;apos;17.0.7&amp;apos;
Driver info: org.openqa.selenium.chrome.ChromeDriver
Command: [null, newSession {capabilities=[Capabilities {browserName: chrome, goog:chromeOptions: {args: [--remote-allow-origins=*], extensions: []}}], desiredCapabilities=Capabilities {browserName: chrome, goog:chromeOptions: {args: [--remote-allow-origins=*], extensions: []}}}]">
      <![CDATA[org.openqa.selenium.SessionNotCreatedException: Could not start a new session. Response code 500. Message: session not created: This version of ChromeDriver only supports Chrome version 115
Current browser version is 120.0.6099.129 with binary path C:\Program Files\Google\Chrome\Application\chrome.exe 
Host info: host: 'KRAZY', ip: '192.168.1.104'
Build info: version: '4.7.1', revision: 'c6795baf1a3'
System info: os.name: 'Windows 10', os.arch: 'amd64', os.version: '10.0', java.version: '17.0.7'
Driver info: org.openqa.selenium.chrome.ChromeDriver
Command: [null, newSession {capabilities=[Capabilities {browserName: chrome, goog:chromeOptions: {args: [--remote-allow-origins=*], extensions: []}}], desiredCapabilities=Capabilities {browserName: chrome, goog:chromeOptions: {args: [--remote-allow-origins=*], extensions: []}}}]
at org.openqa.selenium.remote.ProtocolHandshake.createSession(ProtocolHandshake.java:148)
at org.openqa.selenium.remote.ProtocolHandshake.createSession(ProtocolHandshake.java:106)
at org.openqa.selenium.remote.ProtocolHandshake.createSession(ProtocolHandshake.java:67)
at org.openqa.selenium.remote.HttpCommandExecutor.execute(HttpCommandExecutor.java:156)
at org.openqa.selenium.remote.service.DriverCommandExecutor.invokeExecute(DriverCommandExecutor.java:167)
at org.openqa.selenium.remote.service.DriverCommandExecutor.execute(DriverCommandExecutor.java:142)
at org.openqa.selenium.remote.RemoteWebDriver.execute(RemoteWebDriver.java:551)
at org.openqa.selenium.remote.RemoteWebDriver.startSession(RemoteWebDriver.java:244)
at org.openqa.selenium.remote.RemoteWebDriver.<init>(RemoteWebDriver.java:159)
at org.openqa.selenium.chromium.ChromiumDriver.<init>(ChromiumDriver.java:101)
at org.openqa.selenium.chrome.ChromeDriver.<init>(ChromeDriver.java:81)
at org.openqa.selenium.chrome.ChromeDriver.<init>(ChromeDriver.java:70)
at uk.co.next.qa.base.BaseClass.launchBrowserAndOpenApplication(BaseClass.java:29)
at uk.co.next.qa.test.PLPTest.setup(PLPTest.java:23)
at java.base/java.util.concurrent.ThreadPoolExecutor.runWorker(ThreadPoolExecutor.java:1136)
at java.base/java.util.concurrent.ThreadPoolExecutor$Worker.run(ThreadPoolExecutor.java:635)
at java.base/java.lang.Thread.run(Thread.java:833)
... Removed 16 stack frames]]>
    </failure>
  </testcase> <!-- @BeforeMethod setup -->
  <testcase classname="uk.co.next.qa.test.PLPTest" name="@AfterMethod tearDown" time="-1.703162822795E9">
    <skipped/>
  </testcase> <!-- @AfterMethod tearDown -->
  <testcase classname="uk.co.next.qa.test.PLPTest" name="@BeforeMethod setup" time="-1.7031628228E9">
    <skipped/>
  </testcase> <!-- @BeforeMethod setup -->
  <testcase classname="uk.co.next.qa.test.PLPTest" name="@AfterMethod tearDown" time="-1.70316282283E9">
    <skipped/>
  </testcase> <!-- @AfterMethod tearDown -->
  <testcase classname="uk.co.next.qa.test.PLPTest" name="@BeforeMethod setup" time="-1.703162822844E9">
    <skipped/>
  </testcase> <!-- @BeforeMethod setup -->
  <testcase classname="uk.co.next.qa.test.PLPTest" name="@AfterMethod tearDown" time="-1.70316282289E9">
    <skipped/>
  </testcase> <!-- @AfterMethod tearDown -->
  <testcase classname="uk.co.next.qa.test.LoginTest" name="verifyLoginWithValidCredentials" time="0.0">
    <skipped/>
  </testcase> <!-- verifyLoginWithValidCredentials -->
  <testcase classname="uk.co.next.qa.test.ShoppingBagTest" name="verifyGoToCheckOut" time="0.0">
    <skipped/>
  </testcase> <!-- verifyGoToCheckOut -->
  <testcase classname="uk.co.next.qa.test.SearchTest" name="verifySearchValidProductName" time="0.0">
    <skipped/>
  </testcase> <!-- verifySearchValidProductName -->
  <testcase classname="uk.co.next.qa.test.SearchTest" name="verifySearchInvalidProductName" time="0.0">
    <skipped/>
  </testcase> <!-- verifySearchInvalidProductName -->
  <testcase classname="uk.co.next.qa.test.SearchTest" name="verifySearchWithoutProvidingProductName" time="0.0">
    <skipped/>
  </testcase> <!-- verifySearchWithoutProvidingProductName -->
  <testcase classname="uk.co.next.qa.test.LoginTest" name="verifyLoginWithInvalidCredentials" time="0.001">
    <skipped/>
  </testcase> <!-- verifyLoginWithInvalidCredentials -->
  <testcase classname="uk.co.next.qa.test.SearchTest" name="verifySearchValidProductNameAfterLogin" time="0.0">
    <skipped/>
  </testcase> <!-- verifySearchValidProductNameAfterLogin -->
  <testcase classname="uk.co.next.qa.test.PDPTest" name="verifyToChooseSizeOfProduct" time="0.0">
    <skipped/>
  </testcase> <!-- verifyToChooseSizeOfProduct -->
  <testcase classname="uk.co.next.qa.test.PDPTest" name="verifyAddProductToBag" time="0.0">
    <skipped/>
  </testcase> <!-- verifyAddProductToBag -->
  <testcase classname="uk.co.next.qa.test.PDPTest" name="verifyProductAddingInShoppingBag" time="0.0">
    <skipped/>
  </testcase> <!-- verifyProductAddingInShoppingBag -->
  <testcase classname="uk.co.next.qa.test.DeliveryTest" name="verifyDateSelection" time="0.0">
    <skipped/>
  </testcase> <!-- verifyDateSelection -->
  <testcase classname="uk.co.next.qa.test.DeliveryTest" name="verifySizeAndQuantityofProduct" time="0.0">
    <skipped/>
  </testcase> <!-- verifySizeAndQuantityofProduct -->
  <testcase classname="uk.co.next.qa.test.PLPTest" name="verifyProductDisplayNameAndPrice" time="0.0">
    <skipped/>
  </testcase> <!-- verifyProductDisplayNameAndPrice -->
  <testcase classname="uk.co.next.qa.test.PLPTest" name="verifyFilterProductByCategoryAndGender" time="0.0">
    <skipped/>
  </testcase> <!-- verifyFilterProductByCategoryAndGender -->
  <testcase classname="uk.co.next.qa.test.PLPTest" name="verifyByClickingOnProduct" time="0.0">
    <skipped/>
  </testcase> <!-- verifyByClickingOnProduct -->
</testsuite> <!-- Next Test -->
